<?xml version="1.0" encoding="UTF-8"?>
<testng-results ignored="0" total="1" passed="1" failed="0" skipped="0">
  <reporter-output>
  </reporter-output>
  <suite started-at="2020-11-10T19:52:52Z" name="Default suite" finished-at="2020-11-10T19:53:13Z" duration-ms="20636">
    <groups>
    </groups>
    <test started-at="2020-11-10T19:52:52Z" name="Default test" finished-at="2020-11-10T19:53:13Z" duration-ms="20636">
      <class name="TestBrowsers">
        <test-method is-config="true" signature="FirstRun(java.lang.String)[pri:0, instance:TestBrowsers@6950ed69]" started-at="2020-11-10T19:52:52Z" name="FirstRun" finished-at="2020-11-10T19:53:10Z" duration-ms="17740" status="PASS">
          <params>
            <param index="0">
              <value>
                <![CDATA[chrome]]>
              </value>
            </param>
          </params>
          <reporter-output>
          </reporter-output>
        </test-method> <!-- FirstRun -->
        <test-method signature="TestIntegration()[pri:0, instance:TestBrowsers@6950ed69]" started-at="2020-11-10T19:53:10Z" name="TestIntegration" finished-at="2020-11-10T19:53:13Z" duration-ms="2861" status="PASS">
          <reporter-output>
          </reporter-output>
        </test-method> <!-- TestIntegration -->
      </class> <!-- TestBrowsers -->
    </test> <!-- Default test -->
  </suite> <!-- Default suite -->
</testng-results>
